<?xml version="1.0" encoding="UTF-8"?>
<!-- Generated by org.testng.reporters.JUnitReportReporter -->
<testsuite hostname="DESKTOP-HUP4BI6" failures="0" tests="1" name="com.FindingHospital.testCases.TC4_CorporateWellness" time="0.015" errors="0" timestamp="27 Feb 2021 07:57:16 GMT" skipped="0">
  <testcase classname="com.FindingHospital.testCases.TC4_CorporateWellness" name="f" time="0.015"/>
</testsuite> <!-- com.FindingHospital.testCases.TC4_CorporateWellness -->
