<?xml version="1.0" encoding="UTF-8"?>
<!-- Generated by org.testng.reporters.JUnitReportReporter -->
<testsuite hostname="DESKTOP-HUP4BI6" failures="0" tests="7" name="com.FindingHospital.testCases.Homepage" time="159.401" errors="0" timestamp="01 Mar 2021 05:43:59 GMT" skipped="0">
  <testcase classname="com.FindingHospital.testCases.Homepage" name="verifyHomePageTitle" time="6.413"/>
  <testcase classname="com.FindingHospital.testCases.Homepage" name="city" time="5.979"/>
  <testcase classname="com.FindingHospital.testCases.Homepage" name="searchhospital" time="9.399"/>
  <testcase classname="com.FindingHospital.testCases.Homepage" name="callHospitalSearch" time="73.029"/>
  <testcase classname="com.FindingHospital.testCases.Homepage" name="callDiagnosispage" time="19.391"/>
  <testcase classname="com.FindingHospital.testCases.Homepage" name="callCorporateWellness" time="40.461"/>
  <testcase classname="com.FindingHospital.testCases.Homepage" name="CloseBrowser" time="4.729"/>
</testsuite> <!-- com.FindingHospital.testCases.Homepage -->
